2023-08-06 05:17:28.793319 - Initialized conversion of CBT571
2023-08-06 05:17:30.207368 - Received CBT.V505.FILE571.PDS from FILE571.XMI 
2023-08-06 05:17:30.209795 - Found $$$#DATE.txt (text/plain) in CBT.V505.FILE571.PDS, moved to PDS/$$$#DATE
2023-08-06 05:17:30.210795 - Found $$NOTE1.txt (text/plain) in CBT.V505.FILE571.PDS, moved to PDS/$$NOTE1
2023-08-06 05:17:30.211909 - Found $$NOTE2.txt (text/plain) in CBT.V505.FILE571.PDS, moved to PDS/$$NOTE2
2023-08-06 05:17:30.213822 - Found $$NOTE3.eml (message/rfc822), moved to CBT571/$$NOTE3.eml
2023-08-06 05:17:30.215005 - Found $CHANGES.txt (text/plain) in CBT.V505.FILE571.PDS, moved to PDS/$CHANGES
2023-08-06 05:17:30.215953 - Found $COPY.txt (text/plain) in CBT.V505.FILE571.PDS, moved to PDS/$COPY
2023-08-06 05:17:30.216826 - Found $DAST.txt (text/plain) in CBT.V505.FILE571.PDS, moved to PDS/$DAST
2023-08-06 05:17:30.217759 - Found $HERC.txt (text/plain) in CBT.V505.FILE571.PDS, moved to PDS/$HERC
2023-08-06 05:17:30.218733 - Found $INSTALL.txt (text/plain) in CBT.V505.FILE571.PDS, moved to PDS/$INSTALL
2023-08-06 05:17:30.219711 - Found $INTRO.txt (text/plain) in CBT.V505.FILE571.PDS, moved to PDS/$INTRO
2023-08-06 05:17:30.220624 - Found $MVS38J.txt (text/plain) in CBT.V505.FILE571.PDS, moved to PDS/$MVS38J
2023-08-06 05:17:30.221826 - Found $OLDF571.txt (text/plain) in CBT.V505.FILE571.PDS, moved to PDS/$OLDF571
2023-08-06 05:17:30.222776 - Found $README.txt (text/plain) in CBT.V505.FILE571.PDS, moved to PDS/$README
2023-08-06 05:17:30.223716 - Found $RECV.txt (text/plain) in CBT.V505.FILE571.PDS, moved to PDS/$RECV
2023-08-06 05:17:30.224631 - Found $STCP.txt (text/plain) in CBT.V505.FILE571.PDS, moved to PDS/$STCP
2023-08-06 05:17:30.225579 - Found $UTIL.txt (text/plain) in CBT.V505.FILE571.PDS, moved to PDS/$UTIL
2023-08-06 05:17:30.226490 - Found $WORKQ.txt (text/plain) in CBT.V505.FILE571.PDS, moved to PDS/$WORKQ
2023-08-06 05:17:30.227466 - Found $XMIT.txt (text/plain) in CBT.V505.FILE571.PDS, moved to PDS/$XMIT
2023-08-06 05:17:30.228349 - Found $XMI0004.txt (text/plain) in CBT.V505.FILE571.PDS, moved to PDS/$XMI0004
2023-08-06 05:17:30.229189 - Found @FILE571.txt (text/plain) in CBT.V505.FILE571.PDS, moved to PDS/@FILE571
2023-08-06 05:17:30.230173 - Found ASM370.txt (text/plain) in CBT.V505.FILE571.PDS, moved to PDS/ASM370
2023-08-06 05:17:30.231093 - Found DAST#BUG.txt (text/plain) in CBT.V505.FILE571.PDS, moved to PDS/DAST#BUG
2023-08-06 05:17:30.231978 - Found DASTMVCP.txt (text/plain) in CBT.V505.FILE571.PDS, moved to PDS/DASTMVCP
2023-08-06 05:17:30.232884 - Found DASTVTAB.txt (text/plain) in CBT.V505.FILE571.PDS, moved to PDS/DASTVTAB
2023-08-06 05:17:30.233881 - Found DAST370.txt (text/plain) in CBT.V505.FILE571.PDS, moved to PDS/DAST370
2023-08-06 05:17:30.234851 - Found DIAGNOSE.txt (text/plain) in CBT.V505.FILE571.PDS, moved to PDS/DIAGNOSE
2023-08-06 05:17:30.235822 - Found DRCS2.txt (text/plain) in CBT.V505.FILE571.PDS, moved to PDS/DRCS2
2023-08-06 05:17:30.236665 - Found DSACPD.txt (text/plain) in CBT.V505.FILE571.PDS, moved to PDS/DSACPD
2023-08-06 05:17:30.237613 - Found DSAEX.txt (text/plain) in CBT.V505.FILE571.PDS, moved to PDS/DSAEX
2023-08-06 05:17:30.238636 - Found DSCELL.txt (text/plain) in CBT.V505.FILE571.PDS, moved to PDS/DSCELL
2023-08-06 05:17:30.239606 - Found DSSSGD.txt (text/plain) in CBT.V505.FILE571.PDS, moved to PDS/DSSSGD
2023-08-06 05:17:30.240491 - Found DSSSQH.txt (text/plain) in CBT.V505.FILE571.PDS, moved to PDS/DSSSQH
2023-08-06 05:17:30.241477 - Found DSSSVT.txt (text/plain) in CBT.V505.FILE571.PDS, moved to PDS/DSSSVT
2023-08-06 05:17:30.242394 - Found DSTPE.txt (text/plain) in CBT.V505.FILE571.PDS, moved to PDS/DSTPE
2023-08-06 05:17:30.243247 - Found DSWIB.txt (text/plain) in CBT.V505.FILE571.PDS, moved to PDS/DSWIB
2023-08-06 05:17:30.244087 - Found DSWUD.txt (text/plain) in CBT.V505.FILE571.PDS, moved to PDS/DSWUD
2023-08-06 05:17:30.244955 - Found DVADRBUF.txt (text/plain) in CBT.V505.FILE571.PDS, moved to PDS/DVADRBUF
2023-08-06 05:17:30.245946 - Found DXCOPYR1.txt (text/plain) in CBT.V505.FILE571.PDS, moved to PDS/DXCOPYR1
2023-08-06 05:17:30.246847 - Found DXSEG.txt (text/plain) in CBT.V505.FILE571.PDS, moved to PDS/DXSEG
2023-08-06 05:17:30.247807 - Found IHADECB.txt (text/plain) in CBT.V505.FILE571.PDS, moved to PDS/IHADECB
2023-08-06 05:17:30.248697 - Found IHADQE.txt (text/plain) in CBT.V505.FILE571.PDS, moved to PDS/IHADQE
2023-08-06 05:17:30.249682 - Found IHADVCT.txt (text/plain) in CBT.V505.FILE571.PDS, moved to PDS/IHADVCT
2023-08-06 05:17:30.250603 - Found IHAPQE.txt (text/plain) in CBT.V505.FILE571.PDS, moved to PDS/IHAPQE
2023-08-06 05:17:30.251457 - Found IHARTCT.txt (text/plain) in CBT.V505.FILE571.PDS, moved to PDS/IHARTCT
2023-08-06 05:17:30.252253 - Found IHASNP.txt (text/plain) in CBT.V505.FILE571.PDS, moved to PDS/IHASNP
2023-08-06 05:17:30.253066 - Found IHASVC.txt (text/plain) in CBT.V505.FILE571.PDS, moved to PDS/IHASVC
2023-08-06 05:17:30.253983 - Found IM#IGEN.txt (text/plain) in CBT.V505.FILE571.PDS, moved to PDS/IM#IGEN
2023-08-06 05:17:30.254881 - Found IM#IGENF.txt (text/plain) in CBT.V505.FILE571.PDS, moved to PDS/IM#IGENF
2023-08-06 05:17:30.255774 - Found IM#INST.txt (text/plain) in CBT.V505.FILE571.PDS, moved to PDS/IM#INST
2023-08-06 05:17:30.256821 - Found IM#INSTF.txt (text/plain) in CBT.V505.FILE571.PDS, moved to PDS/IM#INSTF
2023-08-06 05:17:30.257758 - Found IM#LALR.txt (text/plain) in CBT.V505.FILE571.PDS, moved to PDS/IM#LALR
2023-08-06 05:17:30.258847 - Found IM#SECT.txt (text/plain) in CBT.V505.FILE571.PDS, moved to PDS/IM#SECT
2023-08-06 05:17:30.259777 - Found IM#SPLIT.txt (text/plain) in CBT.V505.FILE571.PDS, moved to PDS/IM#SPLIT
2023-08-06 05:17:30.260625 - Found IM#STA.txt (text/plain) in CBT.V505.FILE571.PDS, moved to PDS/IM#STA
2023-08-06 05:17:30.261542 - Found IM#SUBL.txt (text/plain) in CBT.V505.FILE571.PDS, moved to PDS/IM#SUBL
2023-08-06 05:17:30.262548 - Found JASM.jcl (text/plain) in CBT.V505.FILE571.PDS, moved to PDS/JASM
2023-08-06 05:17:30.263397 - Found JBUGPDS.jcl (text/plain) in CBT.V505.FILE571.PDS, moved to PDS/JBUGPDS
2023-08-06 05:17:30.264403 - Found JBUGPDSZ.jcl (text/plain) in CBT.V505.FILE571.PDS, moved to PDS/JBUGPDSZ
2023-08-06 05:17:30.265332 - Found JBUGRECV.jcl (text/plain) in CBT.V505.FILE571.PDS, moved to PDS/JBUGRECV
2023-08-06 05:17:30.266336 - Found JBUGSEQ.jcl (text/plain) in CBT.V505.FILE571.PDS, moved to PDS/JBUGSEQ
2023-08-06 05:17:30.267304 - Found JBUGTINY.jcl (text/plain) in CBT.V505.FILE571.PDS, moved to PDS/JBUGTINY
2023-08-06 05:17:30.268309 - Found JBUGTNYZ.jcl (text/plain) in CBT.V505.FILE571.PDS, moved to PDS/JBUGTNYZ
2023-08-06 05:17:30.269300 - Found JBUGXMIT.jcl (text/plain) in CBT.V505.FILE571.PDS, moved to PDS/JBUGXMIT
2023-08-06 05:17:30.270178 - Found JCBTLOAD.jcl (text/plain) in CBT.V505.FILE571.PDS, moved to PDS/JCBTLOAD
2023-08-06 05:17:30.270996 - Found JCBTUNLD.jcl (text/plain) in CBT.V505.FILE571.PDS, moved to PDS/JCBTUNLD
2023-08-06 05:17:30.271936 - Found JCBTXMIT.jcl (text/plain) in CBT.V505.FILE571.PDS, moved to PDS/JCBTXMIT
2023-08-06 05:17:30.272758 - Found JCOMP.jcl (text/plain) in CBT.V505.FILE571.PDS, moved to PDS/JCOMP
2023-08-06 05:17:30.273650 - Found JCOPY.jcl (text/plain) in CBT.V505.FILE571.PDS, moved to PDS/JCOPY
2023-08-06 05:17:30.274609 - Found JDAST.jcl (text/plain) in CBT.V505.FILE571.PDS, moved to PDS/JDAST
2023-08-06 05:17:30.275557 - Found JDASTALL.jcl (text/plain) in CBT.V505.FILE571.PDS, moved to PDS/JDASTALL
2023-08-06 05:17:30.276477 - Found JDAST1.jcl (text/plain) in CBT.V505.FILE571.PDS, moved to PDS/JDAST1
2023-08-06 05:17:30.277404 - Found JDEMOCP1.jcl (text/plain) in CBT.V505.FILE571.PDS, moved to PDS/JDEMOCP1
2023-08-06 05:17:30.278328 - Found JDUMPSSN.jcl (text/plain) in CBT.V505.FILE571.PDS, moved to PDS/JDUMPSSN
2023-08-06 05:17:30.279201 - Found JINITT.jcl (text/plain) in CBT.V505.FILE571.PDS, moved to PDS/JINITT
2023-08-06 05:17:30.280004 - Found JINSTALL.jcl (text/plain) in CBT.V505.FILE571.PDS, moved to PDS/JINSTALL
2023-08-06 05:17:30.280797 - Found JINSTAL1.jcl (text/plain) in CBT.V505.FILE571.PDS, moved to PDS/JINSTAL1
2023-08-06 05:17:30.281746 - Found JLINK.jcl (text/plain) in CBT.V505.FILE571.PDS, moved to PDS/JLINK
2023-08-06 05:17:30.282755 - Found JLOAD.jcl (text/plain) in CBT.V505.FILE571.PDS, moved to PDS/JLOAD
2023-08-06 05:17:30.283706 - Found JRECV.jcl (text/plain) in CBT.V505.FILE571.PDS, moved to PDS/JRECV
2023-08-06 05:17:30.284648 - Found JRECVALL.jcl (text/plain) in CBT.V505.FILE571.PDS, moved to PDS/JRECVALL
2023-08-06 05:17:30.285607 - Found JRECVCBT.jcl (text/plain) in CBT.V505.FILE571.PDS, moved to PDS/JRECVCBT
2023-08-06 05:17:30.286530 - Found JRECVPDS.jcl (text/plain) in CBT.V505.FILE571.PDS, moved to PDS/JRECVPDS
2023-08-06 05:17:30.287480 - Found JRECVSEQ.jcl (text/plain) in CBT.V505.FILE571.PDS, moved to PDS/JRECVSEQ
2023-08-06 05:17:30.288420 - Found JRECV1.jcl (text/plain) in CBT.V505.FILE571.PDS, moved to PDS/JRECV1
2023-08-06 05:17:30.289406 - Found JSTCP.jcl (text/plain) in CBT.V505.FILE571.PDS, moved to PDS/JSTCP
2023-08-06 05:17:30.290308 - Found JSTCPALL.jcl (text/plain) in CBT.V505.FILE571.PDS, moved to PDS/JSTCPALL
2023-08-06 05:17:30.291241 - Found JSTCP1.jcl (text/plain) in CBT.V505.FILE571.PDS, moved to PDS/JSTCP1
2023-08-06 05:17:30.292142 - Found JTEST.jcl (text/plain) in CBT.V505.FILE571.PDS, moved to PDS/JTEST
2023-08-06 05:17:30.293061 - Found JUNLD.jcl (text/plain) in CBT.V505.FILE571.PDS, moved to PDS/JUNLD
2023-08-06 05:17:30.294027 - Found JU370ALL.jcl (text/plain) in CBT.V505.FILE571.PDS, moved to PDS/JU370ALL
2023-08-06 05:17:30.294947 - Found JU3701.jcl (text/plain) in CBT.V505.FILE571.PDS, moved to PDS/JU3701
2023-08-06 05:17:30.295868 - Found JXMIT.jcl (text/plain) in CBT.V505.FILE571.PDS, moved to PDS/JXMIT
2023-08-06 05:17:30.296830 - Found JXMITALL.jcl (text/plain) in CBT.V505.FILE571.PDS, moved to PDS/JXMITALL
2023-08-06 05:17:30.297725 - Found JXMITCP1.jcl (text/plain) in CBT.V505.FILE571.PDS, moved to PDS/JXMITCP1
2023-08-06 05:17:30.298627 - Found JXMITNEW.jcl (text/plain) in CBT.V505.FILE571.PDS, moved to PDS/JXMITNEW
2023-08-06 05:17:30.299513 - Found JXMITPDS.jcl (text/plain) in CBT.V505.FILE571.PDS, moved to PDS/JXMITPDS
2023-08-06 05:17:30.300335 - Found JXMITSEQ.jcl (text/plain) in CBT.V505.FILE571.PDS, moved to PDS/JXMITSEQ
2023-08-06 05:17:30.301152 - Found JXMIT1.jcl (text/plain) in CBT.V505.FILE571.PDS, moved to PDS/JXMIT1
2023-08-06 05:17:30.302076 - Found JZAP.jcl (text/plain) in CBT.V505.FILE571.PDS, moved to PDS/JZAP
2023-08-06 05:17:30.302977 - Found JZAPSSN.jcl (text/plain) in CBT.V505.FILE571.PDS, moved to PDS/JZAPSSN
2023-08-06 05:17:30.303786 - Found JZAPSSN2.jcl (text/plain) in CBT.V505.FILE571.PDS, moved to PDS/JZAPSSN2
2023-08-06 05:17:30.304715 - Found JZTEST.jcl (text/plain) in CBT.V505.FILE571.PDS, moved to PDS/JZTEST
2023-08-06 05:17:30.305595 - Found KBUGDAST.txt (text/plain) in CBT.V505.FILE571.PDS, moved to PDS/KBUGDAST
2023-08-06 05:17:30.306531 - Found KBUGRECV.txt (text/plain) in CBT.V505.FILE571.PDS, moved to PDS/KBUGRECV
2023-08-06 05:17:30.307321 - Found KBUGSTCP.txt (text/plain) in CBT.V505.FILE571.PDS, moved to PDS/KBUGSTCP
2023-08-06 05:17:30.308140 - Found KBUGXMIT.txt (text/plain) in CBT.V505.FILE571.PDS, moved to PDS/KBUGXMIT
2023-08-06 05:17:30.309024 - Found KLNKDAST.txt (text/plain) in CBT.V505.FILE571.PDS, moved to PDS/KLNKDAST
2023-08-06 05:17:30.310019 - Found KLNKRECV.txt (text/plain) in CBT.V505.FILE571.PDS, moved to PDS/KLNKRECV
2023-08-06 05:17:30.310952 - Found KLNKSTCP.txt (text/plain) in CBT.V505.FILE571.PDS, moved to PDS/KLNKSTCP
2023-08-06 05:17:30.311884 - Found KLNKU370.txt (text/plain) in CBT.V505.FILE571.PDS, moved to PDS/KLNKU370
2023-08-06 05:17:30.312831 - Found KLNKXMIT.txt (text/plain) in CBT.V505.FILE571.PDS, moved to PDS/KLNKXMIT
2023-08-06 05:17:30.313844 - Found KLNKXXXX.txt (text/plain) in CBT.V505.FILE571.PDS, moved to PDS/KLNKXXXX
2023-08-06 05:17:30.314763 - Found LICENSE.html (text/html) in CBT.V505.FILE571.PDS, moved to PDS/LICENSE
2023-08-06 05:17:30.333082 - Found LOADLIB.xmi (application/xmit) in CBT.V505.FILE571.PDS
2023-08-06 05:17:30.342215   - Received RECFM=U data, stored XMIT file as CBT571/LOADLIB.xmi
2023-08-06 05:17:30.343131 - Found NOTERTM.txt (text/plain) in CBT.V505.FILE571.PDS, moved to PDS/NOTERTM
2023-08-06 05:17:30.343999 - Found NOTETCP.txt (text/plain) in CBT.V505.FILE571.PDS, moved to PDS/NOTETCP
2023-08-06 05:17:30.344009 - Found OBJECT.bin containing application/octet-stream, moved to PDS/OBJECT
2023-08-06 05:17:30.345785 - Found RECV#BUG.txt (text/plain) in CBT.V505.FILE571.PDS, moved to PDS/RECV#BUG
2023-08-06 05:17:30.346649 - Found RECVBLK.txt (text/plain) in CBT.V505.FILE571.PDS, moved to PDS/RECVBLK
2023-08-06 05:17:30.347527 - Found RECVCTL.txt (text/plain) in CBT.V505.FILE571.PDS, moved to PDS/RECVCTL
2023-08-06 05:17:30.348363 - Found RECVGCTL.txt (text/plain) in CBT.V505.FILE571.PDS, moved to PDS/RECVGCTL
2023-08-06 05:17:30.349226 - Found RECVGET.txt (text/plain) in CBT.V505.FILE571.PDS, moved to PDS/RECVGET
2023-08-06 05:17:30.350192 - Found RECVGSEG.txt (text/plain) in CBT.V505.FILE571.PDS, moved to PDS/RECVGSEG
2023-08-06 05:17:30.351129 - Found RECVMSG.txt (text/plain) in CBT.V505.FILE571.PDS, moved to PDS/RECVMSG
2023-08-06 05:17:30.352104 - Found RECVRCPY.txt (text/plain) in CBT.V505.FILE571.PDS, moved to PDS/RECVRCPY
2023-08-06 05:17:30.353033 - Found RECVUTIL.txt (text/plain) in CBT.V505.FILE571.PDS, moved to PDS/RECVUTIL
2023-08-06 05:17:30.353962 - Found RECVVTAB.txt (text/plain) in CBT.V505.FILE571.PDS, moved to PDS/RECVVTAB
2023-08-06 05:17:30.354949 - Found RECV370.txt (text/plain) in CBT.V505.FILE571.PDS, moved to PDS/RECV370
2023-08-06 05:17:30.355892 - Found STCP#BUG.txt (text/plain) in CBT.V505.FILE571.PDS, moved to PDS/STCP#BUG
2023-08-06 05:17:30.356820 - Found STCP#OPT.txt (text/plain) in CBT.V505.FILE571.PDS, moved to PDS/STCP#OPT
2023-08-06 05:17:30.357678 - Found STCPINIT.txt (text/plain) in CBT.V505.FILE571.PDS, moved to PDS/STCPINIT
2023-08-06 05:17:30.358659 - Found STCPLPA.txt (text/plain) in CBT.V505.FILE571.PDS, moved to PDS/STCPLPA
2023-08-06 05:17:30.359513 - Found STCPOPR.txt (text/plain) in CBT.V505.FILE571.PDS, moved to PDS/STCPOPR
2023-08-06 05:17:30.360454 - Found STCPOPT.txt (text/plain) in CBT.V505.FILE571.PDS, moved to PDS/STCPOPT
2023-08-06 05:17:30.361367 - Found STCPSS00.txt (text/plain) in CBT.V505.FILE571.PDS, moved to PDS/STCPSS00
2023-08-06 05:17:30.362254 - Found STCPSS99.txt (text/plain) in CBT.V505.FILE571.PDS, moved to PDS/STCPSS99
2023-08-06 05:17:30.363199 - Found STCPSVC.txt (text/plain) in CBT.V505.FILE571.PDS, moved to PDS/STCPSVC
2023-08-06 05:17:30.364191 - Found STCPSVC0.txt (text/plain) in CBT.V505.FILE571.PDS, moved to PDS/STCPSVC0
2023-08-06 05:17:30.365133 - Found STCPSVC9.txt (text/plain) in CBT.V505.FILE571.PDS, moved to PDS/STCPSVC9
2023-08-06 05:17:30.366094 - Found STCPTSKM.txt (text/plain) in CBT.V505.FILE571.PDS, moved to PDS/STCPTSKM
2023-08-06 05:17:30.367072 - Found STCPVTAB.txt (text/plain) in CBT.V505.FILE571.PDS, moved to PDS/STCPVTAB
2023-08-06 05:17:30.368031 - Found STCP370.txt (text/plain) in CBT.V505.FILE571.PDS, moved to PDS/STCP370
2023-08-06 05:17:30.368990 - Found TCP.txt (text/plain) in CBT.V505.FILE571.PDS, moved to PDS/TCP
2023-08-06 05:17:30.369963 - Found TCPHIP.txt (text/plain) in CBT.V505.FILE571.PDS, moved to PDS/TCPHIP
2023-08-06 05:17:30.370844 - Found TCPHTCP.txt (text/plain) in CBT.V505.FILE571.PDS, moved to PDS/TCPHTCP
2023-08-06 05:17:30.371690 - Found TCPHUDP.txt (text/plain) in CBT.V505.FILE571.PDS, moved to PDS/TCPHUDP
2023-08-06 05:17:30.372528 - Found TCPSOK.txt (text/plain) in CBT.V505.FILE571.PDS, moved to PDS/TCPSOK
2023-08-06 05:17:30.373354 - Found TCPSSTC.txt (text/plain) in CBT.V505.FILE571.PDS, moved to PDS/TCPSSTC
2023-08-06 05:17:30.374163 - Found TESTASM.txt (text/plain) in CBT.V505.FILE571.PDS, moved to PDS/TESTASM
2023-08-06 05:17:30.374966 - Found TESTVTAB.txt (text/plain) in CBT.V505.FILE571.PDS, moved to PDS/TESTVTAB
2023-08-06 05:17:30.375761 - Found TEST370.txt (text/plain) in CBT.V505.FILE571.PDS, moved to PDS/TEST370
2023-08-06 05:17:30.376588 - Found U#DPR.txt (text/plain) in CBT.V505.FILE571.PDS, moved to PDS/U#DPR
2023-08-06 05:17:30.377420 - Found U#EQU.txt (text/plain) in CBT.V505.FILE571.PDS, moved to PDS/U#EQU
2023-08-06 05:17:30.378253 - Found U#SET.txt (text/plain) in CBT.V505.FILE571.PDS, moved to PDS/U#SET
2023-08-06 05:17:30.379092 - Found U@CPD.txt (text/plain) in CBT.V505.FILE571.PDS, moved to PDS/U@CPD
2023-08-06 05:17:30.379892 - Found U@SX.txt (text/plain) in CBT.V505.FILE571.PDS, moved to PDS/U@SX
2023-08-06 05:17:30.380783 - Found UABEND.txt (text/plain) in CBT.V505.FILE571.PDS, moved to PDS/UABEND
2023-08-06 05:17:30.381743 - Found UCALL.txt (text/plain) in CBT.V505.FILE571.PDS, moved to PDS/UCALL
2023-08-06 05:17:30.382689 - Found UDIAG.txt (text/plain) in CBT.V505.FILE571.PDS, moved to PDS/UDIAG
2023-08-06 05:17:30.383631 - Found UESTAE.txt (text/plain) in CBT.V505.FILE571.PDS, moved to PDS/UESTAE
2023-08-06 05:17:30.384572 - Found UFINI.txt (text/plain) in CBT.V505.FILE571.PDS, moved to PDS/UFINI
2023-08-06 05:17:30.385506 - Found ULOCK.txt (text/plain) in CBT.V505.FILE571.PDS, moved to PDS/ULOCK
2023-08-06 05:17:30.386464 - Found ULOG.txt (text/plain) in CBT.V505.FILE571.PDS, moved to PDS/ULOG
2023-08-06 05:17:30.387379 - Found UMOVE.txt (text/plain) in CBT.V505.FILE571.PDS, moved to PDS/UMOVE
2023-08-06 05:17:30.388324 - Found UPEND.txt (text/plain) in CBT.V505.FILE571.PDS, moved to PDS/UPEND
2023-08-06 05:17:30.389322 - Found UPRLOC.txt (text/plain) in CBT.V505.FILE571.PDS, moved to PDS/UPRLOC
2023-08-06 05:17:30.390202 - Found UPROC.txt (text/plain) in CBT.V505.FILE571.PDS, moved to PDS/UPROC
2023-08-06 05:17:30.391132 - Found UPSR.txt (text/plain) in CBT.V505.FILE571.PDS, moved to PDS/UPSR
2023-08-06 05:17:30.392121 - Found UQENV.txt (text/plain) in CBT.V505.FILE571.PDS, moved to PDS/UQENV
2023-08-06 05:17:30.393007 - Found USNAP.txt (text/plain) in CBT.V505.FILE571.PDS, moved to PDS/USNAP
2023-08-06 05:17:30.393948 - Found USTATE.txt (text/plain) in CBT.V505.FILE571.PDS, moved to PDS/USTATE
2023-08-06 05:17:30.394818 - Found UVTAB.txt (text/plain) in CBT.V505.FILE571.PDS, moved to PDS/UVTAB
2023-08-06 05:17:30.395666 - Found UWTO.txt (text/plain) in CBT.V505.FILE571.PDS, moved to PDS/UWTO
2023-08-06 05:17:30.396488 - Found UZERO.txt (text/plain) in CBT.V505.FILE571.PDS, moved to PDS/UZERO
2023-08-06 05:17:30.397307 - Found U370$MDL.txt (text/plain) in CBT.V505.FILE571.PDS, moved to PDS/U370$MDL
2023-08-06 05:17:30.398333 - Found U370#BUG.txt (text/plain) in CBT.V505.FILE571.PDS, moved to PDS/U370#BUG
2023-08-06 05:17:30.399210 - Found U370#VTB.txt (text/plain) in CBT.V505.FILE571.PDS, moved to PDS/U370#VTB
2023-08-06 05:17:30.400059 - Found U370ABND.txt (text/plain) in CBT.V505.FILE571.PDS, moved to PDS/U370ABND
2023-08-06 05:17:30.401046 - Found U370AP00.txt (text/plain) in CBT.V505.FILE571.PDS, moved to PDS/U370AP00
2023-08-06 05:17:30.401886 - Found U370AP99.txt (text/plain) in CBT.V505.FILE571.PDS, moved to PDS/U370AP99
2023-08-06 05:17:30.402717 - Found U370CHAR.txt (text/plain) in CBT.V505.FILE571.PDS, moved to PDS/U370CHAR
2023-08-06 05:17:30.403589 - Found U370DATE.txt (text/plain) in CBT.V505.FILE571.PDS, moved to PDS/U370DATE
2023-08-06 05:17:30.404426 - Found U370DBUG.txt (text/plain) in CBT.V505.FILE571.PDS, moved to PDS/U370DBUG
2023-08-06 05:17:30.405312 - Found U370HERC.txt (text/plain) in CBT.V505.FILE571.PDS, moved to PDS/U370HERC
2023-08-06 05:17:30.406194 - Found U370HEX.txt (text/plain) in CBT.V505.FILE571.PDS, moved to PDS/U370HEX
2023-08-06 05:17:30.407201 - Found U370LOG.txt (text/plain) in CBT.V505.FILE571.PDS, moved to PDS/U370LOG
2023-08-06 05:17:30.408106 - Found U370PSR.txt (text/plain) in CBT.V505.FILE571.PDS, moved to PDS/U370PSR
2023-08-06 05:17:30.409000 - Found U370QENV.txt (text/plain) in CBT.V505.FILE571.PDS, moved to PDS/U370QENV
2023-08-06 05:17:30.409964 - Found U370QSS.txt (text/plain) in CBT.V505.FILE571.PDS, moved to PDS/U370QSS
2023-08-06 05:17:30.410896 - Found U370QTCB.txt (text/plain) in CBT.V505.FILE571.PDS, moved to PDS/U370QTCB
2023-08-06 05:17:30.411839 - Found U370SDWA.txt (text/plain) in CBT.V505.FILE571.PDS, moved to PDS/U370SDWA
2023-08-06 05:17:30.412716 - Found U370SNAP.txt (text/plain) in CBT.V505.FILE571.PDS, moved to PDS/U370SNAP
2023-08-06 05:17:30.413630 - Found U370STAE.txt (text/plain) in CBT.V505.FILE571.PDS, moved to PDS/U370STAE
2023-08-06 05:17:30.414537 - Found U370TIOT.txt (text/plain) in CBT.V505.FILE571.PDS, moved to PDS/U370TIOT
2023-08-06 05:17:30.415485 - Found U370VADR.txt (text/plain) in CBT.V505.FILE571.PDS, moved to PDS/U370VADR
2023-08-06 05:17:30.416334 - Found U370WTO.txt (text/plain) in CBT.V505.FILE571.PDS, moved to PDS/U370WTO
2023-08-06 05:17:30.417177 - Found WADAST.txt (text/plain) in CBT.V505.FILE571.PDS, moved to PDS/WADAST
2023-08-06 05:17:30.418105 - Found WARECV.txt (text/plain) in CBT.V505.FILE571.PDS, moved to PDS/WARECV
2023-08-06 05:17:30.418968 - Found WARGS.txt (text/plain) in CBT.V505.FILE571.PDS, moved to PDS/WARGS
2023-08-06 05:17:30.419775 - Found WASTCP.txt (text/plain) in CBT.V505.FILE571.PDS, moved to PDS/WASTCP
2023-08-06 05:17:30.420588 - Found WATGD.txt (text/plain) in CBT.V505.FILE571.PDS, moved to PDS/WATGD
2023-08-06 05:17:30.421550 - Found WAXMIT.txt (text/plain) in CBT.V505.FILE571.PDS, moved to PDS/WAXMIT
2023-08-06 05:17:30.422398 - Found WAXPS.txt (text/plain) in CBT.V505.FILE571.PDS, moved to PDS/WAXPS
2023-08-06 05:17:30.455608 - Found XFASM.xmi (application/xmit) in CBT.V505.FILE571.PDS
2023-08-06 05:17:30.475900   - Received RECFM=U data, stored XMIT file as CBT571/XFASM.xmi
2023-08-06 05:17:30.476752 - Found XMIT#BUG.txt (text/plain) in CBT.V505.FILE571.PDS, moved to PDS/XMIT#BUG
2023-08-06 05:17:30.477628 - Found XMITBUF.txt (text/plain) in CBT.V505.FILE571.PDS, moved to PDS/XMITBUF
2023-08-06 05:17:30.478516 - Found XMITCPR1.txt (text/plain) in CBT.V505.FILE571.PDS, moved to PDS/XMITCPR1
2023-08-06 05:17:30.479414 - Found XMITDIR.txt (text/plain) in CBT.V505.FILE571.PDS, moved to PDS/XMITDIR
2023-08-06 05:17:30.480258 - Found XMITESZ.txt (text/plain) in CBT.V505.FILE571.PDS, moved to PDS/XMITESZ
2023-08-06 05:17:30.481262 - Found XMITKDSN.txt (text/plain) in CBT.V505.FILE571.PDS, moved to PDS/XMITKDSN
2023-08-06 05:17:30.482128 - Found XMITKEY.txt (text/plain) in CBT.V505.FILE571.PDS, moved to PDS/XMITKEY
2023-08-06 05:17:30.483073 - Found XMITPUT.txt (text/plain) in CBT.V505.FILE571.PDS, moved to PDS/XMITPUT
2023-08-06 05:17:30.483910 - Found XMITUNLD.txt (text/plain) in CBT.V505.FILE571.PDS, moved to PDS/XMITUNLD
2023-08-06 05:17:30.484741 - Found XMITVTAB.txt (text/plain) in CBT.V505.FILE571.PDS, moved to PDS/XMITVTAB
2023-08-06 05:17:30.485638 - Found XMIT01.txt (text/plain) in CBT.V505.FILE571.PDS, moved to PDS/XMIT01
2023-08-06 05:17:30.486597 - Found XMIT02A.txt (text/plain) in CBT.V505.FILE571.PDS, moved to PDS/XMIT02A
2023-08-06 05:17:30.487517 - Found XMIT02B.txt (text/plain) in CBT.V505.FILE571.PDS, moved to PDS/XMIT02B
2023-08-06 05:17:30.488363 - Found XMIT03.txt (text/plain) in CBT.V505.FILE571.PDS, moved to PDS/XMIT03
2023-08-06 05:17:30.489256 - Found XMIT06.txt (text/plain) in CBT.V505.FILE571.PDS, moved to PDS/XMIT06
2023-08-06 05:17:30.490212 - Found XMIT370.txt (text/plain) in CBT.V505.FILE571.PDS, moved to PDS/XMIT370
2023-08-06 05:17:30.491142 - Found ZTEST.txt (text/plain) in CBT.V505.FILE571.PDS, moved to PDS/ZTEST
